<?xml version="1.0" encoding="UTF-8"?>
<!-- Generated by org.testng.reporters.JUnitXMLReporter -->
<testsuite hostname="Krish-Surface" ignored="0" name="checkoutpagevalidations" tests="2" failures="2" timestamp="24 Oct 2019 12:57:28 GMT" time="0.064" errors="0">
  <testcase name="checkoutTesting" time="0.013" classname="BELSTAFF.checkoutpage">
    <failure type="java.lang.NullPointerException">
      <![CDATA[java.lang.NullPointerException
at BELSTAFF.pageobjectcheckout.checkout(pageobjectcheckout.java:34)
at BELSTAFF.checkoutpage.checkoutTesting(checkoutpage.java:30)
... Removed 29 stack frames]]>
    </failure>
  </testcase> <!-- checkoutTesting -->
  <testcase name="pricematchingvalidation" time="0.0" classname="BELSTAFF.checkoutpage">
    <failure type="java.lang.NullPointerException">
      <![CDATA[java.lang.NullPointerException
at BELSTAFF.checkoutpage.pricematchingvalidation(checkoutpage.java:55)
... Removed 29 stack frames]]>
    </failure>
  </testcase> <!-- pricematchingvalidation -->
</testsuite> <!-- checkoutpagevalidations -->
