<?xml version="1.0" encoding="UTF-8"?>
<!-- Generated by org.testng.reporters.JUnitXMLReporter -->
<testsuite hostname="Krish-Surface" ignored="0" name="checkoutpagevalidations" tests="2" failures="1" timestamp="15 Oct 2019 11:16:52 GMT" time="38.775" errors="0">
  <testcase name="checkoutTesting" time="34.764" classname="BELSTAFF.checkoutpage"/>
  <testcase name="pricematchingvalidation" time="3.859" classname="BELSTAFF.checkoutpage">
    <failure type="java.lang.AssertionError" message="Orginal item price and subtotal are matching expected [£120] but found [£120.00]">
      <![CDATA[java.lang.AssertionError: Orginal item price and subtotal are matching expected [£120] but found [£120.00]
at BELSTAFF.checkoutpage.pricematchingvalidation(checkoutpage.java:49)
... Removed 30 stack frames]]>
    </failure>
  </testcase> <!-- pricematchingvalidation -->
</testsuite> <!-- checkoutpagevalidations -->
