<?xml version="1.0" encoding="UTF-8"?>
<testng-results skipped="0" failed="1" ignored="0" total="1" passed="0">
  <reporter-output>
  </reporter-output>
  <suite name="Default suite" duration-ms="2781" started-at="2019-11-06T11:03:49Z" finished-at="2019-11-06T11:03:51Z">
    <groups>
    </groups>
    <test name="Default test" duration-ms="2781" started-at="2019-11-06T11:03:49Z" finished-at="2019-11-06T11:03:51Z">
      <class name="BELSTAFF.homepageTest">
        <test-method status="FAIL" signature="homepageTesting()[pri:0, instance:BELSTAFF.homepageTest@1d057a39]" name="homepageTesting" duration-ms="2730" started-at="2019-11-06T11:03:49Z" finished-at="2019-11-06T11:03:51Z">
          <exception class="org.openqa.selenium.SessionNotCreatedException">
            <message>
              <![CDATA[session not created: This version of ChromeDriver only supports Chrome version 76
Build info: version: '3.141.59', revision: 'e82be7d358', time: '2018-11-14T08:17:03'
System info: host: 'KRISH-SURFACE', ip: '192.168.0.18', os.name: 'Windows 10', os.arch: 'amd64', os.version: '10.0', java.version: '1.8.0_161'
Driver info: driver.version: ChromeDriver
remote stacktrace: Backtrace:
Ordinal0 [0x01157C93+1473683]
Ordinal0 [0x010DADB1+961969]
Ordinal0 [0x010642E3+475875]
Ordinal0 [0x00FFF365+62309]
Ordinal0 [0x00FFBC77+48247]
Ordinal0 [0x01019149+168265]
Ordinal0 [0x01018D1D+167197]
Ordinal0 [0x0101742B+160811]
Ordinal0 [0x01000AE6+68326]
Ordinal0 [0x01001BF0+72688]
Ordinal0 [0x01001B89+72585]
Ordinal0 [0x010F4B77+1067895]
GetHandleVerifier [0x011F6875+506677]
GetHandleVerifier [0x011F6610+506064]
GetHandleVerifier [0x011FD1B8+533624]
GetHandleVerifier [0x011F704A+508682]
Ordinal0 [0x010EC266+1032806]
Ordinal0 [0x010EC0DF+1032415]
Ordinal0 [0x010F6A8B+1075851]
Ordinal0 [0x010F6BF3+1076211]
Ordinal0 [0x010F5BA5+1072037]
BaseThreadInitThunk [0x754F6359+25]
RtlGetAppContainerNamedObjectPath [0x77CA7B74+228]
RtlGetAppContainerNamedObjectPath [0x77CA7B44+180]
]]>
            </message>
            <full-stacktrace>
              <![CDATA[org.openqa.selenium.SessionNotCreatedException: session not created: This version of ChromeDriver only supports Chrome version 76
Build info: version: '3.141.59', revision: 'e82be7d358', time: '2018-11-14T08:17:03'
System info: host: 'KRISH-SURFACE', ip: '192.168.0.18', os.name: 'Windows 10', os.arch: 'amd64', os.version: '10.0', java.version: '1.8.0_161'
Driver info: driver.version: ChromeDriver
remote stacktrace: Backtrace:
Ordinal0 [0x01157C93+1473683]
Ordinal0 [0x010DADB1+961969]
Ordinal0 [0x010642E3+475875]
Ordinal0 [0x00FFF365+62309]
Ordinal0 [0x00FFBC77+48247]
Ordinal0 [0x01019149+168265]
Ordinal0 [0x01018D1D+167197]
Ordinal0 [0x0101742B+160811]
Ordinal0 [0x01000AE6+68326]
Ordinal0 [0x01001BF0+72688]
Ordinal0 [0x01001B89+72585]
Ordinal0 [0x010F4B77+1067895]
GetHandleVerifier [0x011F6875+506677]
GetHandleVerifier [0x011F6610+506064]
GetHandleVerifier [0x011FD1B8+533624]
GetHandleVerifier [0x011F704A+508682]
Ordinal0 [0x010EC266+1032806]
Ordinal0 [0x010EC0DF+1032415]
Ordinal0 [0x010F6A8B+1075851]
Ordinal0 [0x010F6BF3+1076211]
Ordinal0 [0x010F5BA5+1072037]
BaseThreadInitThunk [0x754F6359+25]
RtlGetAppContainerNamedObjectPath [0x77CA7B74+228]
RtlGetAppContainerNamedObjectPath [0x77CA7B44+180]

at sun.reflect.NativeConstructorAccessorImpl.newInstance0(Native Method)
at sun.reflect.NativeConstructorAccessorImpl.newInstance(Unknown Source)
at sun.reflect.DelegatingConstructorAccessorImpl.newInstance(Unknown Source)
at java.lang.reflect.Constructor.newInstance(Unknown Source)
at org.openqa.selenium.remote.W3CHandshakeResponse.lambda$errorHandler$0(W3CHandshakeResponse.java:62)
at org.openqa.selenium.remote.HandshakeResponse.lambda$getResponseFunction$0(HandshakeResponse.java:30)
at org.openqa.selenium.remote.ProtocolHandshake.lambda$createSession$0(ProtocolHandshake.java:126)
at java.util.stream.ReferencePipeline$3$1.accept(Unknown Source)
at java.util.Spliterators$ArraySpliterator.tryAdvance(Unknown Source)
at java.util.stream.ReferencePipeline.forEachWithCancel(Unknown Source)
at java.util.stream.AbstractPipeline.copyIntoWithCancel(Unknown Source)
at java.util.stream.AbstractPipeline.copyInto(Unknown Source)
at java.util.stream.AbstractPipeline.wrapAndCopyInto(Unknown Source)
at java.util.stream.FindOps$FindOp.evaluateSequential(Unknown Source)
at java.util.stream.AbstractPipeline.evaluate(Unknown Source)
at java.util.stream.ReferencePipeline.findFirst(Unknown Source)
at org.openqa.selenium.remote.ProtocolHandshake.createSession(ProtocolHandshake.java:128)
at org.openqa.selenium.remote.ProtocolHandshake.createSession(ProtocolHandshake.java:74)
at org.openqa.selenium.remote.HttpCommandExecutor.execute(HttpCommandExecutor.java:136)
at org.openqa.selenium.remote.service.DriverCommandExecutor.execute(DriverCommandExecutor.java:83)
at org.openqa.selenium.remote.RemoteWebDriver.execute(RemoteWebDriver.java:552)
at org.openqa.selenium.remote.RemoteWebDriver.startSession(RemoteWebDriver.java:213)
at org.openqa.selenium.remote.RemoteWebDriver.<init>(RemoteWebDriver.java:131)
at org.openqa.selenium.chrome.ChromeDriver.<init>(ChromeDriver.java:181)
at org.openqa.selenium.chrome.ChromeDriver.<init>(ChromeDriver.java:168)
at org.openqa.selenium.chrome.ChromeDriver.<init>(ChromeDriver.java:123)
at resources.base.initializedriver(base.java:38)
at BELSTAFF.homepageTest.homepageTesting(homepageTest.java:15)
at sun.reflect.NativeMethodAccessorImpl.invoke0(Native Method)
at sun.reflect.NativeMethodAccessorImpl.invoke(Unknown Source)
at sun.reflect.DelegatingMethodAccessorImpl.invoke(Unknown Source)
at java.lang.reflect.Method.invoke(Unknown Source)
at org.testng.internal.MethodInvocationHelper.invokeMethod(MethodInvocationHelper.java:124)
at org.testng.internal.Invoker.invokeMethod(Invoker.java:583)
at org.testng.internal.Invoker.invokeTestMethod(Invoker.java:719)
at org.testng.internal.Invoker.invokeTestMethods(Invoker.java:989)
at org.testng.internal.TestMethodWorker.invokeTestMethods(TestMethodWorker.java:125)
at org.testng.internal.TestMethodWorker.run(TestMethodWorker.java:109)
at org.testng.TestRunner.privateRun(TestRunner.java:648)
at org.testng.TestRunner.run(TestRunner.java:505)
at org.testng.SuiteRunner.runTest(SuiteRunner.java:455)
at org.testng.SuiteRunner.runSequentially(SuiteRunner.java:450)
at org.testng.SuiteRunner.privateRun(SuiteRunner.java:415)
at org.testng.SuiteRunner.run(SuiteRunner.java:364)
at org.testng.SuiteRunnerWorker.runSuite(SuiteRunnerWorker.java:52)
at org.testng.SuiteRunnerWorker.run(SuiteRunnerWorker.java:84)
at org.testng.TestNG.runSuitesSequentially(TestNG.java:1208)
at org.testng.TestNG.runSuitesLocally(TestNG.java:1137)
at org.testng.TestNG.runSuites(TestNG.java:1049)
at org.testng.TestNG.run(TestNG.java:1017)
at org.testng.remote.AbstractRemoteTestNG.run(AbstractRemoteTestNG.java:115)
at org.testng.remote.RemoteTestNG.initAndRun(RemoteTestNG.java:251)
at org.testng.remote.RemoteTestNG.main(RemoteTestNG.java:77)
]]>
            </full-stacktrace>
          </exception> <!-- org.openqa.selenium.SessionNotCreatedException -->
          <reporter-output>
          </reporter-output>
        </test-method> <!-- homepageTesting -->
      </class> <!-- BELSTAFF.homepageTest -->
    </test> <!-- Default test -->
  </suite> <!-- Default suite -->
</testng-results>
